\BOOKMARK [0][-]{chapter.1}{Introduction}{}% 1
\BOOKMARK [1][-]{section.1.1}{Motivation}{chapter.1}% 2
\BOOKMARK [1][-]{section.1.2}{Objectives}{chapter.1}% 3
\BOOKMARK [2][-]{subsection.1.2.1}{Objetivos Generales:}{section.1.2}% 4
\BOOKMARK [2][-]{subsection.1.2.2}{Objetivos Parciales:}{section.1.2}% 5
\BOOKMARK [0][-]{chapter.2}{Theoretical Framework}{}% 6
\BOOKMARK [1][-]{section.2.1}{Background}{chapter.2}% 7
\BOOKMARK [1][-]{section.2.2}{Key Concepts}{chapter.2}% 8
\BOOKMARK [1][-]{section.2.3}{Related Models}{chapter.2}% 9
\BOOKMARK [0][-]{chapter.3}{Methodology}{}% 10
\BOOKMARK [1][-]{section.3.1}{Simulation Model in Detail}{chapter.3}% 11
\BOOKMARK [1][-]{section.3.2}{Tools and Technologies}{chapter.3}% 12
\BOOKMARK [1][-]{section.3.3}{Experimental Design}{chapter.3}% 13
\BOOKMARK [1][-]{section.3.4}{Considerations}{chapter.3}% 14
\BOOKMARK [0][-]{chapter.4}{Results}{}% 15
\BOOKMARK [1][-]{section.4.1}{Simulation Results}{chapter.4}% 16
\BOOKMARK [1][-]{section.4.2}{Analysis of Results}{chapter.4}% 17
\BOOKMARK [0][-]{chapter.5}{Discussion}{}% 18
\BOOKMARK [0][-]{chapter.6}{Conclusions and Future Work}{}% 19
\BOOKMARK [1][-]{section.6.1}{Conclusions}{chapter.6}% 20
\BOOKMARK [1][-]{section.6.2}{Future Work}{chapter.6}% 21
\BOOKMARK [0][-]{chapter*.10}{Bibliography}{}% 22
